\BOOKMARK [0][-]{chapter.1}{\376\377\000I\000n\000t\000r\000o\000d\000u\000c\000t\000i\000o\000n}{}% 1
\BOOKMARK [1][-]{section.1.1}{\376\377\000S\000t\000a\000t\000e\000m\000e\000n\000t\000\040\000o\000f\000\040\000t\000h\000e\000\040\000P\000r\000o\000b\000l\000e\000m}{chapter.1}% 2
\BOOKMARK [1][-]{section.1.2}{\376\377\000R\000e\000s\000e\000a\000r\000c\000h\000\040\000O\000b\000j\000e\000c\000t\000i\000v\000e\000s}{chapter.1}% 3
\BOOKMARK [2][-]{subsection.1.2.1}{\376\377\000A\000n\000a\000l\000y\000z\000e\000\040\000A\000l\000g\000o\000r\000i\000t\000h\000m\000i\000c\000\040\000B\000i\000a\000s\000e\000s\000\040\000i\000n\000\040\000M\000a\000t\000c\000h\000\040\000R\000e\000c\000o\000m\000m\000e\000n\000d\000a\000t\000i\000o\000n\000s}{section.1.2}% 4
\BOOKMARK [2][-]{subsection.1.2.2}{\376\377\000U\000n\000d\000e\000r\000s\000t\000a\000n\000d\000\040\000U\000s\000e\000r\000\040\000E\000x\000p\000e\000r\000i\000e\000n\000c\000e\000s\000\040\000a\000n\000d\000\040\000P\000e\000r\000c\000e\000p\000t\000i\000o\000n\000s}{section.1.2}% 5
\BOOKMARK [2][-]{subsection.1.2.3}{\376\377\000E\000x\000a\000m\000i\000n\000e\000\040\000S\000o\000c\000i\000a\000l\000\040\000a\000n\000d\000\040\000E\000t\000h\000i\000c\000a\000l\000\040\000I\000m\000p\000l\000i\000c\000a\000t\000i\000o\000n\000s}{section.1.2}% 6
\BOOKMARK [2][-]{subsection.1.2.4}{\376\377\000P\000r\000o\000p\000o\000s\000e\000\040\000S\000o\000l\000u\000t\000i\000o\000n\000s\000\040\000f\000o\000r\000\040\000E\000n\000h\000a\000n\000c\000i\000n\000g\000\040\000F\000a\000i\000r\000n\000e\000s\000s\000\040\000a\000n\000d\000\040\000I\000n\000c\000l\000u\000s\000i\000v\000i\000t\000y}{section.1.2}% 7
\BOOKMARK [2][-]{subsection.1.2.5}{\376\377\000A\000n\000t\000i\000c\000i\000p\000a\000t\000e\000d\000\040\000I\000m\000p\000a\000c\000t}{section.1.2}% 8
\BOOKMARK [1][-]{section.1.3}{\376\377\000S\000i\000g\000n\000i\000f\000i\000c\000a\000n\000c\000e\000\040\000o\000f\000\040\000t\000h\000e\000\040\000S\000t\000u\000d\000y}{chapter.1}% 9
\BOOKMARK [1][-]{section.1.4}{\376\377\000S\000c\000o\000p\000e\000s\000\040\000a\000n\000d\000\040\000L\000i\000m\000i\000a\000t\000i\000o\000n\000s}{chapter.1}% 10
\BOOKMARK [0][-]{chapter.2}{\376\377\000L\000i\000t\000e\000r\000a\000t\000u\000r\000e\000\040\000R\000e\000v\000i\000e\000w}{}% 11
\BOOKMARK [1][-]{section.2.1}{\376\377\000E\000v\000o\000l\000u\000t\000i\000o\000n\000\040\000o\000f\000\040\000D\000a\000t\000i\000n\000g\000\040\000a\000n\000d\000\040\000M\000a\000t\000r\000i\000m\000o\000n\000y\000\040\000T\000e\000c\000h\000n\000o\000l\000o\000g\000i\000e\000s}{chapter.2}% 12
\BOOKMARK [2][-]{subsection.2.1.1}{\376\377\000T\000h\000e\000\040\000W\000e\000s\000t}{section.2.1}% 13
\BOOKMARK [2][-]{subsection.2.1.2}{\376\377\000T\000h\000e\000\040\000I\000n\000d\000i\000a\000n\000\040\000C\000o\000n\000t\000e\000x\000t}{section.2.1}% 14
\BOOKMARK [1][-]{section.2.2}{\376\377\000F\000a\000i\000r\000n\000e\000s\000s\000\040\000i\000n\000\040\000A\000I\000\040\000s\000y\000s\000t\000e\000m\000s}{chapter.2}% 15
\BOOKMARK [2][-]{subsection.2.2.1}{\376\377\000B\000i\000a\000s\000\040\000i\000n\000\040\000J\000u\000d\000i\000c\000i\000a\000l\000\040\000A\000l\000g\000o\000r\000i\000t\000h\000m\000s}{section.2.2}% 16
\BOOKMARK [2][-]{subsection.2.2.2}{\376\377\000B\000i\000a\000s\000\040\000i\000n\000\040\000J\000o\000b\000\040\000A\000d\000v\000e\000r\000t\000i\000s\000e\000m\000e\000n\000t\000s\000\040\000a\000n\000d\000\040\000R\000e\000c\000r\000u\000i\000t\000m\000e\000n\000t\000s}{section.2.2}% 17
\BOOKMARK [2][-]{subsection.2.2.3}{\376\377\000B\000i\000a\000s\000\040\000i\000n\000\040\000M\000o\000r\000t\000g\000a\000g\000e\000\040\000A\000p\000p\000l\000i\000c\000a\000t\000i\000o\000n\000s}{section.2.2}% 18
\BOOKMARK [2][-]{subsection.2.2.4}{\376\377\000B\000i\000a\000s\000\040\000i\000n\000\040\000F\000a\000c\000i\000a\000l\000\040\000R\000e\000c\000o\000g\000n\000i\000t\000i\000o\000n\000\040\000T\000e\000c\000h\000n\000o\000l\000o\000g\000i\000e\000s}{section.2.2}% 19
\BOOKMARK [2][-]{subsection.2.2.5}{\376\377\000E\000t\000h\000i\000c\000a\000l\000\040\000C\000o\000n\000c\000e\000r\000n\000s\000\040\000i\000n\000\040\000H\000e\000a\000l\000t\000h\000c\000a\000r\000e\000\040\000A\000l\000g\000o\000r\000i\000t\000h\000m\000s}{section.2.2}% 20
\BOOKMARK [2][-]{subsection.2.2.6}{\376\377\000O\000t\000h\000e\000r\000\040\000e\000x\000a\000m\000p\000l\000e\000s\000\040\000o\000f\000\040\000B\000i\000a\000s\000e\000s}{section.2.2}% 21
\BOOKMARK [1][-]{section.2.3}{\376\377\000S\000t\000u\000d\000y\000\040\000o\000f\000\040\000T\000e\000c\000h\000n\000o\000l\000o\000g\000y\000,\000\040\000S\000o\000c\000i\000o\000c\000u\000l\000t\000u\000r\000a\000l\000\040\000D\000y\000n\000a\000m\000i\000c\000s\000,\000\040\000a\000n\000d\000\040\000S\000o\000c\000i\000a\000l\000\040\000J\000u\000s\000t\000i\000c\000e\000\040\000i\000n\000\040\000O\000n\000l\000i\000n\000e\000\040\000C\000o\000m\000m\000u\000n\000i\000t\000i\000e\000s}{chapter.2}% 22
\BOOKMARK [2][-]{subsection.2.3.1}{\376\377\000E\000n\000g\000a\000g\000i\000n\000g\000\040\000E\000t\000h\000i\000c\000a\000l\000\040\000a\000n\000d\000\040\000R\000e\000f\000l\000e\000x\000i\000v\000e\000\040\000D\000e\000s\000i\000g\000n\000\040\000P\000r\000a\000c\000t\000i\000c\000e\000s}{section.2.3}% 23
\BOOKMARK [2][-]{subsection.2.3.2}{\376\377\000I\000n\000t\000e\000r\000d\000i\000s\000c\000i\000p\000l\000i\000n\000a\000r\000y\000\040\000A\000p\000p\000r\000o\000a\000c\000h\000e\000s\000\040\000t\000o\000\040\000O\000n\000l\000i\000n\000e\000\040\000C\000o\000m\000m\000u\000n\000i\000t\000y\000\040\000B\000u\000i\000l\000d\000i\000n\000g}{section.2.3}% 24
\BOOKMARK [2][-]{subsection.2.3.3}{\376\377\000I\000n\000c\000o\000r\000p\000o\000r\000a\000t\000i\000n\000g\000\040\000B\000e\000h\000a\000v\000i\000o\000r\000a\000l\000\040\000E\000c\000o\000n\000o\000m\000i\000c\000s\000\040\000f\000o\000r\000\040\000E\000f\000f\000e\000c\000t\000i\000v\000e\000\040\000I\000n\000c\000e\000n\000t\000i\000v\000e\000\040\000S\000t\000r\000u\000c\000t\000u\000r\000e\000s}{section.2.3}% 25
\BOOKMARK [2][-]{subsection.2.3.4}{\376\377\000A\000l\000g\000o\000r\000i\000t\000h\000m\000i\000c\000\040\000F\000a\000i\000r\000n\000e\000s\000s\000\040\000i\000n\000\040\000S\000o\000c\000i\000a\000l\000\040\000P\000l\000a\000t\000f\000o\000r\000m\000s}{section.2.3}% 26
\BOOKMARK [2][-]{subsection.2.3.5}{\376\377\000G\000e\000n\000d\000e\000r\000\040\000a\000n\000d\000\040\000R\000a\000c\000i\000a\000l\000\040\000B\000i\000a\000s\000e\000\040\000i\000n\000\040\000A\000l\000g\000o\000r\000i\000t\000h\000m\000i\000c\000\040\000R\000e\000c\000o\000m\000m\000e\000n\000d\000a\000t\000i\000o\000n\000s}{section.2.3}% 27
\BOOKMARK [2][-]{subsection.2.3.6}{\376\377\000D\000e\000s\000i\000g\000n\000i\000n\000g\000\040\000f\000o\000r\000\040\000D\000i\000v\000e\000r\000s\000i\000t\000y\000\040\000a\000n\000d\000\040\000I\000n\000c\000l\000u\000s\000i\000v\000i\000t\000y}{section.2.3}% 28
\BOOKMARK [1][-]{section.2.4}{\376\377\000A\000n\000a\000l\000y\000s\000i\000s\000\040\000o\000f\000\040\000B\000i\000a\000s\000e\000s\000\040\000i\000n\000\040\000O\000n\000l\000i\000n\000e\000\040\000D\000a\000t\000i\000n\000g\000\040\000A\000p\000p\000l\000i\000c\000a\000t\000i\000o\000n\000s\000:\000\040\000A\000\040\000F\000o\000c\000u\000s\000\040\000o\000n\000\040\000B\000u\000m\000b\000l\000e}{chapter.2}% 29
\BOOKMARK [2][-]{subsection.2.4.1}{\376\377\000H\000e\000t\000e\000r\000o\000n\000o\000r\000m\000a\000t\000i\000v\000i\000t\000y\000\040\000i\000n\000\040\000B\000u\000m\000b\000l\000e\000'\000s\000\040\000D\000e\000s\000i\000g\000n}{section.2.4}% 30
\BOOKMARK [2][-]{subsection.2.4.2}{\376\377\000A\000l\000g\000o\000r\000i\000t\000h\000m\000i\000c\000\040\000I\000m\000p\000a\000c\000t\000s\000\040\000o\000n\000\040\000S\000o\000c\000i\000e\000t\000y\000\040\000a\000n\000d\000\040\000M\000e\000n\000t\000a\000l\000\040\000H\000e\000a\000l\000t\000h}{section.2.4}% 31
\BOOKMARK [2][-]{subsection.2.4.3}{\376\377\000U\000s\000e\000r\000\040\000I\000n\000t\000e\000r\000f\000a\000c\000e\000\040\000a\000n\000d\000\040\000I\000d\000e\000n\000t\000i\000t\000y\000\040\000R\000e\000p\000r\000e\000s\000e\000n\000t\000a\000t\000i\000o\000n}{section.2.4}% 32
\BOOKMARK [2][-]{subsection.2.4.4}{\376\377\000B\000e\000h\000a\000v\000i\000o\000r\000a\000l\000\040\000P\000a\000t\000t\000e\000r\000n\000s\000\040\000o\000n\000\040\000T\000i\000n\000d\000e\000r\000:\000\040\000G\000e\000n\000d\000e\000r\000\040\000D\000i\000f\000f\000e\000r\000e\000n\000c\000e\000s\000\040\000i\000n\000\040\000U\000s\000e\000r\000\040\000E\000n\000g\000a\000g\000e\000m\000e\000n\000t}{section.2.4}% 33
\BOOKMARK [1][-]{section.2.5}{\376\377\000I\000n\000v\000e\000s\000t\000i\000g\000a\000t\000i\000n\000g\000\040\000N\000o\000n\000-\000B\000i\000n\000a\000r\000y\000\040\000E\000x\000p\000e\000r\000i\000e\000n\000c\000e\000s\000\040\000o\000n\000\040\000D\000a\000t\000i\000n\000g\000\040\000P\000l\000a\000t\000f\000o\000r\000m\000s\000\040\000i\000n\000\040\000I\000n\000d\000i\000a}{chapter.2}% 34
\BOOKMARK [0][-]{chapter.3}{\376\377\000M\000e\000t\000h\000o\000d\000o\000l\000o\000g\000y}{}% 35
\BOOKMARK [1][-]{section.3.1}{\376\377\000R\000e\000s\000e\000a\000r\000c\000h\000\040\000D\000e\000s\000i\000g\000n}{chapter.3}% 36
\BOOKMARK [2][-]{subsection.3.1.1}{\376\377\000S\000e\000l\000e\000c\000t\000i\000o\000n\000\040\000o\000f\000\040\000R\000e\000s\000e\000a\000r\000c\000h\000\040\000M\000e\000t\000h\000o\000d\000o\000l\000o\000g\000y}{section.3.1}% 37
\BOOKMARK [2][-]{subsection.3.1.2}{\376\377\000Q\000u\000a\000n\000t\000i\000t\000a\000t\000i\000v\000e\000\040\000R\000e\000s\000e\000a\000r\000c\000h\000\040\000C\000o\000m\000p\000o\000n\000e\000n\000t}{section.3.1}% 38
\BOOKMARK [2][-]{subsection.3.1.3}{\376\377\000Q\000u\000a\000l\000i\000t\000a\000t\000i\000v\000e\000\040\000R\000e\000s\000e\000a\000r\000c\000h\000\040\000C\000o\000m\000p\000o\000n\000e\000n\000t}{section.3.1}% 39
\BOOKMARK [2][-]{subsection.3.1.4}{\376\377\000I\000n\000t\000e\000g\000r\000a\000t\000i\000o\000n\000\040\000o\000f\000\040\000R\000e\000s\000e\000a\000r\000c\000h\000\040\000C\000o\000m\000p\000o\000n\000e\000n\000t\000s}{section.3.1}% 40
\BOOKMARK [1][-]{section.3.2}{\376\377\000P\000a\000r\000t\000i\000c\000i\000p\000a\000n\000t\000\040\000S\000e\000l\000e\000c\000t\000i\000o\000n\000\040\000a\000n\000d\000\040\000D\000e\000m\000o\000g\000r\000a\000p\000h\000i\000c\000s}{chapter.3}% 41
\BOOKMARK [2][-]{subsection.3.2.1}{\376\377\000C\000r\000i\000t\000e\000r\000i\000a\000\040\000f\000o\000r\000\040\000P\000a\000r\000t\000i\000c\000i\000p\000a\000n\000t\000\040\000S\000e\000l\000e\000c\000t\000i\000o\000n}{section.3.2}% 42
\BOOKMARK [2][-]{subsection.3.2.2}{\376\377\000D\000e\000m\000o\000g\000r\000a\000p\000h\000i\000c\000\040\000B\000r\000e\000a\000k\000d\000o\000w\000n}{section.3.2}% 43
\BOOKMARK [2][-]{subsection.3.2.3}{\376\377\000E\000t\000h\000i\000c\000a\000l\000\040\000C\000o\000n\000s\000i\000d\000e\000r\000a\000t\000i\000o\000n}{section.3.2}% 44
\BOOKMARK [2][-]{subsection.3.2.4}{\376\377\000A\000d\000d\000i\000t\000i\000o\000n\000a\000l\000\040\000C\000o\000n\000s\000i\000d\000e\000r\000a\000t\000i\000o\000n\000s}{section.3.2}% 45
\BOOKMARK [1][-]{section.3.3}{\376\377\000D\000a\000t\000a\000\040\000C\000o\000l\000l\000e\000c\000t\000i\000o\000n\000\040\000M\000e\000t\000h\000o\000d\000s}{chapter.3}% 46
\BOOKMARK [2][-]{subsection.3.3.1}{\376\377\000S\000u\000r\000v\000e\000y\000s}{section.3.3}% 47
\BOOKMARK [2][-]{subsection.3.3.2}{\376\377\000P\000r\000o\000f\000i\000l\000e\000\040\000A\000n\000a\000l\000y\000s\000i\000s}{section.3.3}% 48
\BOOKMARK [2][-]{subsection.3.3.3}{\376\377\000I\000n\000t\000e\000r\000v\000i\000e\000w\000s}{section.3.3}% 49
\BOOKMARK [1][-]{section.3.4}{\376\377\000E\000t\000h\000i\000c\000a\000l\000\040\000C\000o\000n\000c\000e\000r\000n\000s}{chapter.3}% 50
\BOOKMARK [1][-]{section.3.5}{\376\377\000L\000i\000m\000i\000t\000a\000t\000i\000o\000n\000s\000\040\000a\000n\000d\000\040\000D\000e\000l\000i\000m\000i\000t\000a\000t\000i\000o\000n\000s}{chapter.3}% 51
\BOOKMARK [2][-]{subsection.3.5.1}{\376\377\000D\000e\000l\000i\000m\000i\000t\000a\000t\000i\000o\000n\000s}{section.3.5}% 52
\BOOKMARK [2][-]{subsection.3.5.2}{\376\377\000L\000i\000m\000i\000t\000a\000t\000i\000o\000n\000s}{section.3.5}% 53
\BOOKMARK [2][-]{subsection.3.5.3}{\376\377\000M\000i\000t\000i\000g\000a\000t\000i\000o\000n\000\040\000S\000t\000r\000a\000t\000e\000g\000i\000e\000s}{section.3.5}% 54
\BOOKMARK [0][-]{chapter.4}{\376\377\000R\000e\000s\000u\000l\000t\000s\000\040\000a\000n\000d\000\040\000A\000n\000a\000l\000y\000s\000i\000s}{}% 55
\BOOKMARK [1][-]{section.4.1}{\376\377\000D\000a\000t\000a\000\040\000D\000e\000s\000c\000r\000i\000p\000t\000i\000o\000n}{chapter.4}% 56
\BOOKMARK [2][-]{subsection.4.1.1}{\376\377\000P\000a\000r\000t\000i\000c\000i\000p\000a\000n\000t\000\040\000R\000e\000c\000r\000u\000i\000t\000m\000e\000n\000t\000\040\000a\000n\000d\000\040\000P\000r\000o\000f\000i\000l\000e\000\040\000S\000e\000t\000u\000p}{section.4.1}% 57
\BOOKMARK [2][-]{subsection.4.1.2}{\376\377\000D\000a\000t\000a\000\040\000C\000o\000l\000l\000e\000c\000t\000i\000o\000n\000\040\000M\000e\000t\000h\000o\000d\000o\000l\000o\000g\000y}{section.4.1}% 58
\BOOKMARK [2][-]{subsection.4.1.3}{\376\377\000D\000a\000t\000a\000\040\000N\000o\000r\000m\000a\000l\000i\000z\000a\000t\000i\000o\000n\000\040\000a\000n\000d\000\040\000P\000r\000o\000c\000e\000s\000s\000i\000n\000g}{section.4.1}% 59
\BOOKMARK [1][-]{section.4.2}{\376\377\000A\000n\000a\000l\000y\000t\000i\000c\000a\000l\000\040\000M\000e\000t\000h\000o\000d\000s}{chapter.4}% 60
\BOOKMARK [2][-]{subsection.4.2.1}{\376\377\000G\000e\000n\000d\000e\000r\000\040\000S\000e\000x\000u\000a\000l\000i\000t\000y\000\040\000C\000o\000m\000p\000t\000i\000b\000i\000l\000i\000t\000y\000\040\000G\000r\000i\000d}{section.4.2}% 61
\BOOKMARK [2][-]{subsection.4.2.2}{\376\377\000V\000e\000r\000i\000f\000i\000c\000a\000t\000i\000o\000n\000\040\000o\000f\000\040\000D\000e\000m\000o\000g\000r\000a\000p\000h\000i\000c\000\040\000P\000a\000r\000i\000t\000y}{section.4.2}% 62
\BOOKMARK [2][-]{subsection.4.2.3}{\376\377\000S\000t\000a\000t\000i\000s\000t\000i\000c\000a\000l\000\040\000T\000e\000c\000h\000n\000i\000q\000u\000e\000s}{section.4.2}% 63
\BOOKMARK [1][-]{section.4.3}{\376\377\000P\000r\000o\000f\000i\000l\000e\000\040\000A\000n\000a\000l\000y\000s\000i\000s\000\040\000R\000e\000s\000u\000l\000t\000s}{chapter.4}% 64
\BOOKMARK [1][-]{section.4.4}{\376\377\000I\000n\000t\000e\000r\000v\000i\000e\000w\000s\000\040\000A\000n\000a\000l\000y\000s\000i\000s}{chapter.4}% 65
\BOOKMARK [2][-]{subsection.4.4.1}{\376\377\000K\000e\000y\000\040\000T\000h\000e\000m\000e\000s\000\040\000f\000r\000o\000m\000\040\000t\000h\000e\000\040\000I\000n\000t\000e\000r\000v\000i\000e\000w\000s}{section.4.4}% 66
\BOOKMARK [1][-]{section.4.5}{\376\377\000I\000n\000t\000e\000g\000r\000a\000t\000i\000o\000n\000\040\000o\000f\000\040\000Q\000u\000a\000n\000t\000i\000t\000a\000t\000i\000v\000e\000\040\000a\000n\000d\000\040\000Q\000u\000a\000l\000i\000t\000a\000t\000i\000v\000e\000\040\000I\000n\000s\000i\000g\000h\000t\000s}{chapter.4}% 67
\BOOKMARK [1][-]{section.4.6}{\376\377\000C\000o\000n\000c\000l\000u\000s\000i\000o\000n}{chapter.4}% 68
\BOOKMARK [0][-]{chapter.5}{\376\377\000D\000i\000s\000c\000u\000s\000s\000i\000o\000n\000s}{}% 69
\BOOKMARK [1][-]{section.5.1}{\376\377\000S\000u\000m\000m\000a\000r\000y\000\040\000o\000f\000\040\000t\000h\000e\000\040\000F\000i\000n\000d\000i\000n\000g\000s}{chapter.5}% 70
\BOOKMARK [2][-]{subsection.5.1.1}{\376\377\000F\000i\000n\000d\000i\000n\000g\000s\000\040\000o\000f\000\040\000t\000h\000e\000\040\000A\000l\000g\000o\000r\000i\000t\000h\000m\000i\000c\000\040\000B\000i\000a\000s}{section.5.1}% 71
\BOOKMARK [2][-]{subsection.5.1.2}{\376\377\000I\000m\000p\000a\000c\000t\000\040\000o\000f\000\040\000U\000s\000e\000r\000\040\000E\000x\000p\000e\000r\000i\000e\000n\000c\000e}{section.5.1}% 72
\BOOKMARK [2][-]{subsection.5.1.3}{\376\377\000C\000o\000m\000p\000a\000r\000i\000s\000o\000n\000\040\000w\000i\000t\000h\000\040\000T\000h\000e\000o\000r\000e\000t\000i\000c\000a\000l\000\040\000E\000x\000p\000e\000c\000t\000a\000t\000i\000o\000n\000s}{section.5.1}% 73
\BOOKMARK [2][-]{subsection.5.1.4}{\376\377\000B\000r\000o\000a\000d\000e\000r\000\040\000S\000o\000c\000i\000e\000t\000a\000l\000\040\000I\000m\000p\000l\000i\000c\000a\000t\000i\000o\000n\000s}{section.5.1}% 74
\BOOKMARK [1][-]{section.5.2}{\376\377\000A\000l\000g\000o\000r\000i\000t\000h\000m\000i\000c\000\040\000B\000i\000a\000s\000\040\000a\000n\000d\000\040\000S\000o\000c\000i\000e\000t\000a\000l\000\040\000I\000m\000p\000a\000c\000t}{chapter.5}% 75
\BOOKMARK [2][-]{subsection.5.2.1}{\376\377\000M\000a\000n\000i\000f\000e\000s\000t\000a\000t\000i\000o\000n\000\040\000o\000f\000\040\000A\000l\000g\000o\000r\000i\000t\000h\000m\000i\000c\000\040\000B\000i\000a\000s}{section.5.2}% 76
\BOOKMARK [2][-]{subsection.5.2.2}{\376\377\000S\000o\000c\000i\000e\000t\000a\000l\000\040\000I\000m\000p\000a\000c\000t\000\040\000o\000f\000\040\000B\000i\000a\000s\000e\000d\000\040\000A\000l\000g\000o\000r\000i\000t\000h\000m\000s}{section.5.2}% 77
\BOOKMARK [2][-]{subsection.5.2.3}{\376\377\000C\000o\000m\000p\000a\000r\000a\000t\000i\000v\000e\000\040\000A\000n\000a\000l\000y\000s\000i\000s\000\040\000w\000i\000t\000h\000\040\000O\000t\000h\000e\000r\000\040\000S\000o\000c\000i\000a\000l\000\040\000T\000e\000c\000h\000n\000o\000l\000o\000g\000i\000e\000s}{section.5.2}% 78
\BOOKMARK [2][-]{subsection.5.2.4}{\376\377\000R\000e\000c\000o\000m\000m\000e\000n\000d\000a\000t\000i\000o\000n\000s\000\040\000f\000o\000r\000\040\000A\000d\000d\000r\000e\000s\000s\000i\000n\000g\000\040\000A\000l\000g\000o\000r\000i\000t\000h\000m\000i\000c\000\040\000B\000i\000a\000s}{section.5.2}% 79
\BOOKMARK [1][-]{section.5.3}{\376\377\000M\000e\000t\000h\000o\000d\000o\000l\000o\000g\000i\000c\000a\000l\000\040\000R\000e\000f\000l\000e\000c\000t\000i\000o\000n\000s}{chapter.5}% 80
\BOOKMARK [2][-]{subsection.5.3.1}{\376\377\000O\000v\000e\000r\000v\000i\000e\000w\000\040\000o\000f\000\040\000R\000e\000s\000e\000a\000r\000c\000h\000\040\000M\000e\000t\000h\000o\000d\000s}{section.5.3}% 81
\BOOKMARK [2][-]{subsection.5.3.2}{\376\377\000S\000t\000r\000e\000n\000g\000t\000h\000s\000\040\000o\000f\000\040\000t\000h\000e\000\040\000M\000e\000t\000h\000o\000d\000o\000l\000o\000g\000i\000c\000a\000l\000\040\000A\000p\000p\000r\000o\000a\000c\000h}{section.5.3}% 82
\BOOKMARK [2][-]{subsection.5.3.3}{\376\377\000L\000i\000m\000i\000t\000a\000t\000i\000o\000n\000s\000\040\000o\000f\000\040\000t\000h\000e\000\040\000S\000t\000u\000d\000y}{section.5.3}% 83
\BOOKMARK [1][-]{section.5.4}{\376\377\000I\000m\000p\000l\000i\000c\000a\000t\000i\000o\000n\000s\000\040\000o\000f\000\040\000D\000e\000s\000i\000g\000n\000\040\000a\000n\000d\000\040\000P\000o\000l\000i\000c\000y}{chapter.5}% 84
\BOOKMARK [2][-]{subsection.5.4.1}{\376\377\000I\000n\000c\000o\000r\000p\000o\000r\000a\000t\000i\000n\000g\000\040\000I\000n\000c\000l\000u\000s\000i\000v\000i\000t\000y\000\040\000f\000r\000o\000m\000\040\000t\000h\000e\000\040\000G\000r\000o\000u\000n\000d\000\040\000U\000p}{section.5.4}% 85
\BOOKMARK [2][-]{subsection.5.4.2}{\376\377\000R\000e\000g\000u\000l\000a\000r\000\040\000U\000s\000e\000r\000\040\000F\000e\000e\000d\000b\000a\000c\000k\000\040\000I\000n\000t\000e\000g\000r\000a\000t\000i\000o\000n}{section.5.4}% 86
\BOOKMARK [2][-]{subsection.5.4.3}{\376\377\000E\000n\000h\000a\000n\000c\000e\000d\000\040\000A\000l\000g\000o\000r\000i\000t\000h\000m\000i\000c\000\040\000T\000r\000a\000n\000s\000p\000a\000r\000e\000n\000c\000y}{section.5.4}% 87
\BOOKMARK [2][-]{subsection.5.4.4}{\376\377\000D\000e\000v\000e\000l\000o\000p\000i\000n\000g\000\040\000C\000o\000m\000p\000r\000e\000h\000e\000n\000s\000i\000v\000e\000\040\000A\000n\000t\000i\000-\000D\000i\000s\000c\000r\000i\000m\000i\000n\000a\000t\000i\000o\000n\000\040\000G\000u\000i\000d\000e\000l\000i\000n\000e\000s}{section.5.4}% 88
\BOOKMARK [2][-]{subsection.5.4.5}{\376\377\000E\000n\000c\000o\000u\000r\000a\000g\000i\000n\000g\000\040\000E\000t\000h\000i\000c\000a\000l\000\040\000A\000I\000\040\000D\000e\000v\000e\000l\000o\000p\000m\000e\000n\000t}{section.5.4}% 89
\BOOKMARK [0][-]{chapter*.6}{\376\377\000B\000i\000b\000l\000i\000o\000g\000r\000a\000p\000h\000y}{}% 90
